tajiapp/app/build/outputs/logs/manifest-merger-release-report.txt
-- Merging decision tree log ---
manifest
ADDED from src\main\AndroidManifest.xml:2:1-168:12
	xmlns:android
		ADDED from src\main\AndroidManifest.xml:2:11-69
	package
		ADDED from src\main\AndroidManifest.xml:3:5-33
		INJECTED from src\main\AndroidManifest.xml
		INJECTED from src\main\AndroidManifest.xml
	android:versionName
		ADDED from src\main\AndroidManifest.xml:5:5-30
		INJECTED from src\main\AndroidManifest.xml
		INJECTED from src\main\AndroidManifest.xml
	android:versionCode
		ADDED from src\main\AndroidManifest.xml:4:5-28
		INJECTED from src\main\AndroidManifest.xml
		INJECTED from src\main\AndroidManifest.xml
uses-sdk
ADDED from src\main\AndroidManifest.xml:7:5-44
MERGED from [com.android.support:support-v4:23.1.1] AndroidManifest.xml:20:5-43
MERGED from [tajiapp:emoji:unspecified] AndroidManifest.xml:6:5-8:41
MERGED from [com.android.support:support-v4:23.1.1] AndroidManifest.xml:20:5-43
MERGED from [tajiapp:IMKit:unspecified] AndroidManifest.xml:7:5-9:41
MERGED from [com.android.support:design:23.1.0] AndroidManifest.xml:20:5-43
MERGED from [com.android.support:appcompat-v7:23.1.0] AndroidManifest.xml:20:5-43
MERGED from [com.android.support:support-v4:23.1.1] AndroidManifest.xml:20:5-43
MERGED from [com.android.support:recyclerview-v7:23.1.0] AndroidManifest.xml:20:5-43
MERGED from [com.android.support:support-v4:23.1.1] AndroidManifest.xml:20:5-43
MERGED from [com.android.support:support-v4:23.1.1] AndroidManifest.xml:20:5-43
MERGED from [com.android.support:appcompat-v7:23.1.0] AndroidManifest.xml:20:5-43
MERGED from [com.android.support:support-v4:23.1.1] AndroidManifest.xml:20:5-43
	android:targetSdkVersion
		INJECTED from src\main\AndroidManifest.xml
		INJECTED from src\main\AndroidManifest.xml
	android:minSdkVersion
		ADDED from src\main\AndroidManifest.xml:7:15-41
		INJECTED from src\main\AndroidManifest.xml
		INJECTED from src\main\AndroidManifest.xml
uses-permission#android.permission.ACCESS_COARSE_LOCATION
ADDED from src\main\AndroidManifest.xml:10:5-81
MERGED from [tajiapp:IMKit:unspecified] AndroidManifest.xml:13:5-81
	android:name
		ADDED from src\main\AndroidManifest.xml:10:22-78
uses-permission#android.permission.CHANGE_WIFI_STATE
ADDED from src\main\AndroidManifest.xml:12:5-76
	android:name
		ADDED from src\main\AndroidManifest.xml:12:22-73
uses-permission#android.permission.READ_PHONE_STATE
ADDED from src\main\AndroidManifest.xml:14:5-75
MERGED from [tajiapp:IMKit:unspecified] AndroidManifest.xml:15:5-75
	android:name
		ADDED from src\main\AndroidManifest.xml:14:22-72
uses-permission#android.permission.WRITE_EXTERNAL_STORAGE
ADDED from src\main\AndroidManifest.xml:15:5-81
MERGED from [tajiapp:IMKit:unspecified] AndroidManifest.xml:11:5-81
	android:name
		ADDED from src\main\AndroidManifest.xml:15:22-78
uses-permission#android.permission.ACCESS_NETWORK_STATE
ADDED from src\main\AndroidManifest.xml:16:5-79
MERGED from [tajiapp:IMKit:unspecified] AndroidManifest.xml:22:5-79
	android:name
		ADDED from src\main\AndroidManifest.xml:16:22-76
uses-permission#android.permission.ACCESS_WIFI_STATE
ADDED from src\main\AndroidManifest.xml:17:5-76
MERGED from [tajiapp:IMKit:unspecified] AndroidManifest.xml:20:5-76
	android:name
		ADDED from src\main\AndroidManifest.xml:17:22-73
uses-permission#android.permission.INTERNET
ADDED from src\main\AndroidManifest.xml:18:5-67
MERGED from [tajiapp:IMKit:unspecified] AndroidManifest.xml:12:5-67
	android:name
		ADDED from src\main\AndroidManifest.xml:18:22-64
uses-permission#android.permission.GET_TASKS
ADDED from src\main\AndroidManifest.xml:20:5-68
MERGED from [tajiapp:IMKit:unspecified] AndroidManifest.xml:16:5-68
	android:name
		ADDED from src\main\AndroidManifest.xml:20:22-65
uses-permission#android.permission.ACCESS_FINE_LOCATION
ADDED from src\main\AndroidManifest.xml:21:5-79
	android:name
		ADDED from src\main\AndroidManifest.xml:21:22-76
uses-permission#android.permission.BLUETOOTH_ADMIN
ADDED from src\main\AndroidManifest.xml:37:5-74
	android:name
		ADDED from src\main\AndroidManifest.xml:37:22-71
uses-permission#android.permission.READ_LOGS
ADDED from src\main\AndroidManifest.xml:41:5-68
	android:name
		ADDED from src\main\AndroidManifest.xml:41:22-65
uses-permission#android.permission.WAKE_LOCK
ADDED from src\main\AndroidManifest.xml:42:5-68
MERGED from [tajiapp:IMKit:unspecified] AndroidManifest.xml:29:5-68
	android:name
		ADDED from src\main\AndroidManifest.xml:42:22-65
uses-permission#android.permission.VIBRATE
ADDED from src\main\AndroidManifest.xml:43:5-66
MERGED from [tajiapp:IMKit:unspecified] AndroidManifest.xml:27:5-66
	android:name
		ADDED from src\main\AndroidManifest.xml:43:22-63
uses-permission#android.permission.WRITE_SETTINGS
ADDED from src\main\AndroidManifest.xml:44:5-73
MERGED from [tajiapp:IMKit:unspecified] AndroidManifest.xml:30:5-73
	android:name
		ADDED from src\main\AndroidManifest.xml:44:22-70
application
ADDED from src\main\AndroidManifest.xml:48:5-166:19
MERGED from [com.android.support:support-v4:23.1.1] AndroidManifest.xml:22:5-20
MERGED from [com.android.support:support-v4:23.1.1] AndroidManifest.xml:22:5-20
MERGED from [tajiapp:IMKit:unspecified] AndroidManifest.xml:34:5-117:19
MERGED from [com.android.support:design:23.1.0] AndroidManifest.xml:22:5-20
MERGED from [com.android.support:appcompat-v7:23.1.0] AndroidManifest.xml:22:5-20
MERGED from [com.android.support:support-v4:23.1.1] AndroidManifest.xml:22:5-20
MERGED from [com.android.support:support-v4:23.1.1] AndroidManifest.xml:22:5-20
MERGED from [com.android.support:support-v4:23.1.1] AndroidManifest.xml:22:5-20
MERGED from [com.android.support:appcompat-v7:23.1.0] AndroidManifest.xml:22:5-20
MERGED from [com.android.support:support-v4:23.1.1] AndroidManifest.xml:22:5-20
	android:allowBackup
		ADDED from [tajiapp:IMKit:unspecified] AndroidManifest.xml:34:18-44
	android:label
		ADDED from src\main\AndroidManifest.xml:51:9-41
	android:icon
		ADDED from src\main\AndroidManifest.xml:50:9-45
	android:name
		ADDED from src\main\AndroidManifest.xml:49:9-56
service#com.amap.api.location.APSService
ADDED from src\main\AndroidManifest.xml:52:9-76
	android:name
		ADDED from src\main\AndroidManifest.xml:52:18-65
meta-data#com.amap.api.v2.apikey
ADDED from src\main\AndroidManifest.xml:54:9-56:74
	android:name
		ADDED from src\main\AndroidManifest.xml:55:13-50
	android:value
		ADDED from src\main\AndroidManifest.xml:56:13-61
activity#com.zhangqing.taji.activities.login.CoverActivity
ADDED from src\main\AndroidManifest.xml:58:9-78:20
	android:label
		ADDED from src\main\AndroidManifest.xml:60:13-45
	android:theme
		ADDED from src\main\AndroidManifest.xml:61:13-61
	android:name
		ADDED from src\main\AndroidManifest.xml:59:13-59
intent-filter#android.intent.action.MAIN+android.intent.category.LAUNCHER
ADDED from src\main\AndroidManifest.xml:62:13-66:29
action#android.intent.action.MAIN
ADDED from src\main\AndroidManifest.xml:63:17-69
	android:name
		ADDED from src\main\AndroidManifest.xml:63:25-66
category#android.intent.category.LAUNCHER
ADDED from src\main\AndroidManifest.xml:65:17-77
	android:name
		ADDED from src\main\AndroidManifest.xml:65:27-74
intent-filter#android.intent.action.VIEW+android.intent.category.DEFAULT
ADDED from src\main\AndroidManifest.xml:68:13-77:29
action#android.intent.action.VIEW
ADDED from src\main\AndroidManifest.xml:69:17-69
	android:name
		ADDED from src\main\AndroidManifest.xml:69:25-66
category#android.intent.category.DEFAULT
ADDED from src\main\AndroidManifest.xml:71:17-76
	android:name
		ADDED from src\main\AndroidManifest.xml:71:27-73
data
ADDED from src\main\AndroidManifest.xml:73:17-76:45
	android:host
		ADDED from src\main\AndroidManifest.xml:74:21-54
	android:pathPrefix
		ADDED from src\main\AndroidManifest.xml:75:21-59
	android:scheme
		ADDED from src\main\AndroidManifest.xml:76:21-42
activity#com.zhangqing.taji.activities.login.LoginActivity
ADDED from src\main\AndroidManifest.xml:79:9-83:72
	android:label
		ADDED from src\main\AndroidManifest.xml:81:13-45
	android:theme
		ADDED from src\main\AndroidManifest.xml:83:13-69
	android:name
		ADDED from src\main\AndroidManifest.xml:80:13-59
	android:launchMode
		ADDED from src\main\AndroidManifest.xml:82:13-43
activity#com.zhangqing.taji.activities.PersonDetailActivity
ADDED from src\main\AndroidManifest.xml:84:9-88:60
	android:label
		ADDED from src\main\AndroidManifest.xml:86:13-45
	android:theme
		ADDED from src\main\AndroidManifest.xml:88:13-57
	android:name
		ADDED from src\main\AndroidManifest.xml:85:13-60
	android:launchMode
		ADDED from src\main\AndroidManifest.xml:87:13-43
activity#com.zhangqing.taji.activities.ModifyInterestSkillActivity
ADDED from src\main\AndroidManifest.xml:89:9-92:46
	android:label
		ADDED from src\main\AndroidManifest.xml:91:13-36
	android:name
		ADDED from src\main\AndroidManifest.xml:90:13-67
	android:launchMode
		ADDED from src\main\AndroidManifest.xml:92:13-43
activity#com.zhangqing.taji.activities.TajiappActivity
ADDED from src\main\AndroidManifest.xml:93:9-97:63
	android:label
		ADDED from src\main\AndroidManifest.xml:95:13-45
	android:theme
		ADDED from src\main\AndroidManifest.xml:97:13-60
	android:name
		ADDED from src\main\AndroidManifest.xml:94:13-55
	android:launchMode
		ADDED from src\main\AndroidManifest.xml:96:13-44
activity#com.zhangqing.taji.activities.PublishActivity
ADDED from src\main\AndroidManifest.xml:98:9-105:73
	android:windowSoftInputMode
		ADDED from src\main\AndroidManifest.xml:105:13-70
	android:label
		ADDED from src\main\AndroidManifest.xml:101:13-45
	android:configChanges
		ADDED from src\main\AndroidManifest.xml:100:13-63
	android:theme
		ADDED from src\main\AndroidManifest.xml:104:13-72
	android:name
		ADDED from src\main\AndroidManifest.xml:99:13-55
	android:launchMode
		ADDED from src\main\AndroidManifest.xml:102:13-43
activity#com.zhangqing.taji.activities.login.RegisterFirstActivity
ADDED from src\main\AndroidManifest.xml:106:9-111:74
	android:windowSoftInputMode
		ADDED from src\main\AndroidManifest.xml:111:13-71
	android:label
		ADDED from src\main\AndroidManifest.xml:108:13-45
	android:theme
		ADDED from src\main\AndroidManifest.xml:110:13-60
	android:name
		ADDED from src\main\AndroidManifest.xml:107:13-67
	android:launchMode
		ADDED from src\main\AndroidManifest.xml:109:13-43
activity#com.zhangqing.taji.activities.login.RegisterSecondActivity
ADDED from src\main\AndroidManifest.xml:112:9-118:74
	android:windowSoftInputMode
		ADDED from src\main\AndroidManifest.xml:118:13-71
	android:label
		ADDED from src\main\AndroidManifest.xml:115:13-45
	android:configChanges
		ADDED from src\main\AndroidManifest.xml:114:13-51
	android:theme
		ADDED from src\main\AndroidManifest.xml:117:13-60
	android:name
		ADDED from src\main\AndroidManifest.xml:113:13-68
	android:launchMode
		ADDED from src\main\AndroidManifest.xml:116:13-43
activity#com.zhangqing.taji.activities.login.ResetPassBySmsActivity
ADDED from src\main\AndroidManifest.xml:120:9-125:63
	android:label
		ADDED from src\main\AndroidManifest.xml:123:13-45
	android:configChanges
		ADDED from src\main\AndroidManifest.xml:122:13-51
	android:theme
		ADDED from src\main\AndroidManifest.xml:125:13-60
	android:name
		ADDED from src\main\AndroidManifest.xml:121:13-68
	android:launchMode
		ADDED from src\main\AndroidManifest.xml:124:13-43
activity#com.zhangqing.taji.activities.login.RegisterThirdActivity
ADDED from src\main\AndroidManifest.xml:126:9-131:74
	android:windowSoftInputMode
		ADDED from src\main\AndroidManifest.xml:131:13-71
	android:label
		ADDED from src\main\AndroidManifest.xml:128:13-45
	android:theme
		ADDED from src\main\AndroidManifest.xml:130:13-60
	android:name
		ADDED from src\main\AndroidManifest.xml:127:13-67
	android:launchMode
		ADDED from src\main\AndroidManifest.xml:129:13-43
activity#com.zhangqing.taji.activities.SearchActivity
ADDED from src\main\AndroidManifest.xml:132:9-137:63
	android:label
		ADDED from src\main\AndroidManifest.xml:134:13-45
	android:theme
		ADDED from src\main\AndroidManifest.xml:137:13-60
	android:name
		ADDED from src\main\AndroidManifest.xml:133:13-54
	android:launchMode
		ADDED from src\main\AndroidManifest.xml:135:13-43
activity#com.zhangqing.taji.activities.ListPersonsActivity
ADDED from src\main\AndroidManifest.xml:138:9-144:67
	android:windowSoftInputMode
		ADDED from src\main\AndroidManifest.xml:144:13-64
	android:label
		ADDED from src\main\AndroidManifest.xml:140:13-45
	android:theme
		ADDED from src\main\AndroidManifest.xml:143:13-60
	android:name
		ADDED from src\main\AndroidManifest.xml:139:13-59
	android:launchMode
		ADDED from src\main\AndroidManifest.xml:141:13-43
activity#com.zhangqing.taji.activities.ConversationActivity
ADDED from src\main\AndroidManifest.xml:146:9-164:20
	android:windowSoftInputMode
		ADDED from src\main\AndroidManifest.xml:152:13-67
	android:screenOrientation
		ADDED from src\main\AndroidManifest.xml:149:13-49
	android:theme
		ADDED from src\main\AndroidManifest.xml:151:13-60
	android:name
		ADDED from src\main\AndroidManifest.xml:147:13-60
	android:launchMode
		ADDED from src\main\AndroidManifest.xml:148:13-43
uses-permission#android.permission.INTERACT_ACROSS_USERS_FULL
ADDED from [tajiapp:IMKit:unspecified] AndroidManifest.xml:17:5-85
	android:name
		ADDED from [tajiapp:IMKit:unspecified] AndroidManifest.xml:17:22-82
uses-permission#android.permission.CAMERA
ADDED from [tajiapp:IMKit:unspecified] AndroidManifest.xml:23:5-65
	android:name
		ADDED from [tajiapp:IMKit:unspecified] AndroidManifest.xml:23:22-62
uses-permission#android.permission.RECORD_AUDIO
ADDED from [tajiapp:IMKit:unspecified] AndroidManifest.xml:25:5-71
	android:name
		ADDED from [tajiapp:IMKit:unspecified] AndroidManifest.xml:25:22-68
uses-permission#android.permission.MODIFY_AUDIO_SETTINGS
ADDED from [tajiapp:IMKit:unspecified] AndroidManifest.xml:31:5-80
	android:name
		ADDED from [tajiapp:IMKit:unspecified] AndroidManifest.xml:31:22-77
uses-permission#android.permission.RECEIVE_BOOT_COMPLETED
ADDED from [tajiapp:IMKit:unspecified] AndroidManifest.xml:32:5-81
	android:name
		ADDED from [tajiapp:IMKit:unspecified] AndroidManifest.xml:32:22-78
service#io.rong.push.PushService
ADDED from [tajiapp:IMKit:unspecified] AndroidManifest.xml:38:9-47:19
	android:process
		ADDED from [tajiapp:IMKit:unspecified] AndroidManifest.xml:40:13-43
	android:name
		ADDED from [tajiapp:IMKit:unspecified] AndroidManifest.xml:39:13-52
intent-filter#android.intent.category.DEFAULT+io.rong.push
ADDED from [tajiapp:IMKit:unspecified] AndroidManifest.xml:42:13-46:29
action#io.rong.push
ADDED from [tajiapp:IMKit:unspecified] AndroidManifest.xml:45:17-55
	android:name
		ADDED from [tajiapp:IMKit:unspecified] AndroidManifest.xml:45:25-52
service#io.rong.push.CommandService
ADDED from [tajiapp:IMKit:unspecified] AndroidManifest.xml:48:9-57:19
	android:process
		ADDED from [tajiapp:IMKit:unspecified] AndroidManifest.xml:50:13-43
	android:name
		ADDED from [tajiapp:IMKit:unspecified] AndroidManifest.xml:49:13-55
intent-filter#android.intent.category.DEFAULT+io.rong.command
ADDED from [tajiapp:IMKit:unspecified] AndroidManifest.xml:52:13-56:29
action#io.rong.command
ADDED from [tajiapp:IMKit:unspecified] AndroidManifest.xml:55:17-58
	android:name
		ADDED from [tajiapp:IMKit:unspecified] AndroidManifest.xml:55:25-55
receiver#io.rong.push.PushReceiver
ADDED from [tajiapp:IMKit:unspecified] AndroidManifest.xml:59:9-82:20
	android:process
		ADDED from [tajiapp:IMKit:unspecified] AndroidManifest.xml:61:13-43
	android:name
		ADDED from [tajiapp:IMKit:unspecified] AndroidManifest.xml:60:13-53
intent-filter#io.rong.imlib.action.push.heartbeat
ADDED from [tajiapp:IMKit:unspecified] AndroidManifest.xml:63:13-65:29
action#io.rong.imlib.action.push.heartbeat
ADDED from [tajiapp:IMKit:unspecified] AndroidManifest.xml:64:17-78
	android:name
		ADDED from [tajiapp:IMKit:unspecified] AndroidManifest.xml:64:25-75
intent-filter#android.net.conn.CONNECTIVITY_CHANGE
ADDED from [tajiapp:IMKit:unspecified] AndroidManifest.xml:66:13-68:29
action#android.net.conn.CONNECTIVITY_CHANGE
ADDED from [tajiapp:IMKit:unspecified] AndroidManifest.xml:67:17-79
	android:name
		ADDED from [tajiapp:IMKit:unspecified] AndroidManifest.xml:67:25-76
intent-filter#android.intent.action.BOOT_COMPLETED
ADDED from [tajiapp:IMKit:unspecified] AndroidManifest.xml:69:13-71:29
action#android.intent.action.BOOT_COMPLETED
ADDED from [tajiapp:IMKit:unspecified] AndroidManifest.xml:70:17-79
	android:name
		ADDED from [tajiapp:IMKit:unspecified] AndroidManifest.xml:70:25-76
intent-filter#android.intent.action.ACTION_POWER_CONNECTED+android.intent.action.ACTION_POWER_DISCONNECTED+android.intent.action.USER_PRESENT
ADDED from [tajiapp:IMKit:unspecified] AndroidManifest.xml:72:13-76:29
action#android.intent.action.USER_PRESENT
ADDED from [tajiapp:IMKit:unspecified] AndroidManifest.xml:73:17-77
	android:name
		ADDED from [tajiapp:IMKit:unspecified] AndroidManifest.xml:73:25-74
action#android.intent.action.ACTION_POWER_CONNECTED
ADDED from [tajiapp:IMKit:unspecified] AndroidManifest.xml:74:17-87
	android:name
		ADDED from [tajiapp:IMKit:unspecified] AndroidManifest.xml:74:25-84
action#android.intent.action.ACTION_POWER_DISCONNECTED
ADDED from [tajiapp:IMKit:unspecified] AndroidManifest.xml:75:17-90
	android:name
		ADDED from [tajiapp:IMKit:unspecified] AndroidManifest.xml:75:25-87
intent-filter#android.intent.action.PACKAGE_REMOVED
ADDED from [tajiapp:IMKit:unspecified] AndroidManifest.xml:77:13-81:29
action#android.intent.action.PACKAGE_REMOVED
ADDED from [tajiapp:IMKit:unspecified] AndroidManifest.xml:78:17-80
	android:name
		ADDED from [tajiapp:IMKit:unspecified] AndroidManifest.xml:78:25-77
activity#io.rong.imkit.tools.SelectPictureActivity
ADDED from [tajiapp:IMKit:unspecified] AndroidManifest.xml:84:9-86:52
	android:screenOrientation
		ADDED from [tajiapp:IMKit:unspecified] AndroidManifest.xml:86:13-49
	android:name
		ADDED from [tajiapp:IMKit:unspecified] AndroidManifest.xml:85:13-69
activity#io.rong.imkit.tools.PreviewPictureActivity
ADDED from [tajiapp:IMKit:unspecified] AndroidManifest.xml:87:9-89:52
	android:screenOrientation
		ADDED from [tajiapp:IMKit:unspecified] AndroidManifest.xml:89:13-49
	android:name
		ADDED from [tajiapp:IMKit:unspecified] AndroidManifest.xml:88:13-70
activity#io.rong.imkit.tools.RongWebviewActivity
ADDED from [tajiapp:IMKit:unspecified] AndroidManifest.xml:90:9-92:52
	android:screenOrientation
		ADDED from [tajiapp:IMKit:unspecified] AndroidManifest.xml:92:13-49
	android:name
		ADDED from [tajiapp:IMKit:unspecified] AndroidManifest.xml:91:13-67
activity#io.rong.imkit.widget.provider.TakingPicturesActivity
ADDED from [tajiapp:IMKit:unspecified] AndroidManifest.xml:93:9-96:52
	android:screenOrientation
		ADDED from [tajiapp:IMKit:unspecified] AndroidManifest.xml:96:13-49
	android:configChanges
		ADDED from [tajiapp:IMKit:unspecified] AndroidManifest.xml:95:13-63
	android:name
		ADDED from [tajiapp:IMKit:unspecified] AndroidManifest.xml:94:13-80
service#io.rong.imlib.ipc.RongService
ADDED from [tajiapp:IMKit:unspecified] AndroidManifest.xml:98:9-100:38
	android:process
		ADDED from [tajiapp:IMKit:unspecified] AndroidManifest.xml:100:13-35
	android:name
		ADDED from [tajiapp:IMKit:unspecified] AndroidManifest.xml:99:13-57
service#io.rong.imlib.ReConnectService
ADDED from [tajiapp:IMKit:unspecified] AndroidManifest.xml:101:9-66
	android:name
		ADDED from [tajiapp:IMKit:unspecified] AndroidManifest.xml:101:18-63
receiver#io.rong.imlib.ConnectChangeReceiver
ADDED from [tajiapp:IMKit:unspecified] AndroidManifest.xml:103:9-72
	android:name
		ADDED from [tajiapp:IMKit:unspecified] AndroidManifest.xml:103:19-69
receiver#io.rong.imlib.ipc.PushMessageReceiver
ADDED from [tajiapp:IMKit:unspecified] AndroidManifest.xml:104:9-108:20
	android:name
		ADDED from [tajiapp:IMKit:unspecified] AndroidManifest.xml:104:19-71
intent-filter#io.rong.push.message
ADDED from [tajiapp:IMKit:unspecified] AndroidManifest.xml:105:13-107:29
action#io.rong.push.message
ADDED from [tajiapp:IMKit:unspecified] AndroidManifest.xml:106:17-63
	android:name
		ADDED from [tajiapp:IMKit:unspecified] AndroidManifest.xml:106:25-60
receiver#io.rong.imlib.HeartbeatReceiver
ADDED from [tajiapp:IMKit:unspecified] AndroidManifest.xml:109:9-111:38
	android:process
		ADDED from [tajiapp:IMKit:unspecified] AndroidManifest.xml:111:13-35
	android:name
		ADDED from [tajiapp:IMKit:unspecified] AndroidManifest.xml:110:13-59
meta-data#RONG_CLOUD_APP_KEY
ADDED from [tajiapp:IMKit:unspecified] AndroidManifest.xml:113:9-115:45
	android:name
		ADDED from [tajiapp:IMKit:unspecified] AndroidManifest.xml:114:13-46
	android:value
		ADDED from [tajiapp:IMKit:unspecified] AndroidManifest.xml:115:13-42
android:uses-permission#android.permission.READ_EXTERNAL_STORAGE
IMPLIED from src\main\AndroidManifest.xml:2:1-168:12 reason: io.rong.imkit requested WRITE_EXTERNAL_STORAGE